[debug] > Exec(early(addDefaultCommands), None, None)
[debug] > Exec(addDefaultCommands, None, None)
[debug] > Exec(early(initialize), None, None)
[debug] > Exec(initialize, None, None)
[debug] > Exec(boot, None, None)
[debug] > Exec(writeSbtVersion, None, None)
[debug] > Exec(reload, None, None)
[debug] > Exec(sbtStashOnFailure, None, None)
[debug] > Exec(onFailure loadFailed, None, None)
[debug] > Exec(loadp, None, None)
[info] welcome to sbt 1.11.2 (Ubuntu Java 21.0.8)
[debug] Load.defaultLoad until apply took 868.882706ms
[debug]           Load.loadUnit: plugins took 1083.389787ms
[debug]           Load.loadUnit: defsScala took 11.9278ms
[debug] [Loading] Scanning directory /home/yuyita/TP1/Tp1_Paradigmas/project
[debug] [Loading] Found non-root projects 
[debug] [Loading] Done in /home/yuyita/TP1/Tp1_Paradigmas/project, returning: ()
[debug] deducing auto plugins based on known facts Set(Atom(sbt.plugins.CorePlugin)) and clauses Clauses(Clause(Atom(sbt.plugins.JvmPlugin),Set(Atom(sbt.plugins.IvyPlugin)))
[debug] Clause(Atom(sbt.ScriptedPlugin),Set(Atom(sbt.plugins.JvmPlugin)))
[debug] Clause(Atom(sbt.plugins.SbtPlugin),Set(Atom(sbt.ScriptedPlugin)))
[debug] Clause(Atom(sbt.plugins.SemanticdbPlugin),Set(Atom(sbt.plugins.JvmPlugin)))
[debug] Clause(Atom(sbt.plugins.JUnitXmlReportPlugin),Set(Atom(sbt.plugins.JvmPlugin)))
[debug] Clause(Atom(sbt.plugins.MiniDependencyTreePlugin),Set(Atom(sbt.plugins.JvmPlugin)))
[debug] Clause(Atom(sbt.plugins.CorePlugin),Set(Atom(sbt.plugins.IvyPlugin)))
[debug] Clause(Atom(sbt.plugins.IvyPlugin),Set(Atom(sbt.plugins.JvmPlugin)))
[debug] Clause(Atom(sbt.plugins.JvmPlugin),Set(Atom(sbt.plugins.SemanticdbPlugin)))
[debug] Clause(Atom(sbt.plugins.JvmPlugin),Set(Atom(sbt.plugins.JUnitXmlReportPlugin)))
[debug] Clause(Atom(sbt.plugins.CorePlugin),Set(Atom(sbt.plugins.Giter8TemplatePlugin)))
[debug] Clause(Atom(sbt.plugins.JvmPlugin),Set(Atom(sbt.plugins.MiniDependencyTreePlugin))))
[debug]   :: deduced result: Matched(sbt.plugins.CorePlugin,sbt.plugins.Giter8TemplatePlugin,sbt.plugins.IvyPlugin,sbt.plugins.JvmPlugin,sbt.plugins.MiniDependencyTreePlugin,sbt.plugins.JUnitXmlReportPlugin,sbt.plugins.SemanticdbPlugin)
[debug] Plugins.deducer#function took 446.918813 ms
[debug]               Load.resolveProject(tp1_paradigmas-build) took 2828.378872ms
[debug]             Load.loadTransitive: finalizeProject(Project(id tp1_paradigmas-build, base: /home/yuyita/TP1/Tp1_Paradigmas/project, plugins: List(<none>))) took 3534.388355ms
[debug] [Loading] Done in /home/yuyita/TP1/Tp1_Paradigmas/project, returning: (tp1_paradigmas-build)
[debug]           Load.loadUnit: loadedProjectsRaw took 3841.568191ms
[debug]           Load.loadUnit: cleanEvalClasses took 0.511793ms
[debug]         Load.loadUnit(file:/home/yuyita/TP1/Tp1_Paradigmas/project/, ...) took 5014.064ms
[debug]       Load.apply: load took 9940.603317ms
[debug]       Load.apply: resolveProjects took 212.154054ms
[debug]       Load.apply: finalTransforms took 3191.113197ms
[debug]       Load.apply: config.delegates took 238.14848ms
[debug]       Load.apply: Def.make(settings)... took 9032.055007ms
[debug]       Load.apply: structureIndex took 3251.367179ms
[debug]       Load.apply: mkStreams took 4.072048ms
[info] loading project definition from /home/yuyita/TP1/Tp1_Paradigmas/project
[debug] Running task... Cancel: Signal, check cycles: false, forcegc: true
