[debug] > Exec(early(addDefaultCommands), None, None)
[debug] > Exec(addDefaultCommands, None, None)
[debug] > Exec(early(initialize), None, None)
[debug] > Exec(initialize, None, None)
[debug] > Exec(boot, None, None)
[debug] > Exec(writeSbtVersion, None, None)
[debug] > Exec(reload, None, None)
[debug] > Exec(sbtStashOnFailure, None, None)
[debug] > Exec(onFailure loadFailed, None, None)
[debug] > Exec(loadp, None, None)
[info] welcome to sbt 1.11.2 (Ubuntu Java 21.0.8)
[debug] Load.defaultLoad until apply took 590.367961ms
[debug]           Load.loadUnit: plugins took 649.261485ms
[debug]           Load.loadUnit: defsScala took 0.627903ms
[debug] [Loading] Scanning directory /home/yuyita/TP1/Tp1_Paradigmas/project
[debug] [Loading] Found non-root projects 
[debug] [Loading] Done in /home/yuyita/TP1/Tp1_Paradigmas/project, returning: ()
[debug] deducing auto plugins based on known facts Set(Atom(sbt.plugins.CorePlugin)) and clauses Clauses(Clause(Atom(sbt.plugins.JvmPlugin),Set(Atom(sbt.plugins.IvyPlugin)))
[debug] Clause(Atom(sbt.ScriptedPlugin),Set(Atom(sbt.plugins.JvmPlugin)))
[debug] Clause(Atom(sbt.plugins.SbtPlugin),Set(Atom(sbt.ScriptedPlugin)))
[debug] Clause(Atom(sbt.plugins.SemanticdbPlugin),Set(Atom(sbt.plugins.JvmPlugin)))
[debug] Clause(Atom(sbt.plugins.JUnitXmlReportPlugin),Set(Atom(sbt.plugins.JvmPlugin)))
[debug] Clause(Atom(sbt.plugins.MiniDependencyTreePlugin),Set(Atom(sbt.plugins.JvmPlugin)))
[debug] Clause(Atom(sbt.plugins.CorePlugin),Set(Atom(sbt.plugins.IvyPlugin)))
[debug] Clause(Atom(sbt.plugins.IvyPlugin),Set(Atom(sbt.plugins.JvmPlugin)))
[debug] Clause(Atom(sbt.plugins.JvmPlugin),Set(Atom(sbt.plugins.SemanticdbPlugin)))
[debug] Clause(Atom(sbt.plugins.JvmPlugin),Set(Atom(sbt.plugins.JUnitXmlReportPlugin)))
[debug] Clause(Atom(sbt.plugins.CorePlugin),Set(Atom(sbt.plugins.Giter8TemplatePlugin)))
[debug] Clause(Atom(sbt.plugins.JvmPlugin),Set(Atom(sbt.plugins.MiniDependencyTreePlugin))))
[debug]   :: deduced result: Matched(sbt.plugins.CorePlugin,sbt.plugins.Giter8TemplatePlugin,sbt.plugins.IvyPlugin,sbt.plugins.JvmPlugin,sbt.plugins.MiniDependencyTreePlugin,sbt.plugins.JUnitXmlReportPlugin,sbt.plugins.SemanticdbPlugin)
[debug] Plugins.deducer#function took 144.284332 ms
[debug]               Load.resolveProject(tp1_paradigmas-build) took 4488.316924ms
[debug]             Load.loadTransitive: finalizeProject(Project(id tp1_paradigmas-build, base: /home/yuyita/TP1/Tp1_Paradigmas/project, plugins: List(<none>))) took 4737.303579ms
[debug] [Loading] Done in /home/yuyita/TP1/Tp1_Paradigmas/project, returning: (tp1_paradigmas-build)
[debug]           Load.loadUnit: loadedProjectsRaw took 4834.588265ms
[debug]           Load.loadUnit: cleanEvalClasses took 0.406674ms
[debug]         Load.loadUnit(file:/home/yuyita/TP1/Tp1_Paradigmas/project/, ...) took 5621.380049ms
[debug]       Load.apply: load took 8626.607564ms
[debug]       Load.apply: resolveProjects took 159.096277ms
[debug]       Load.apply: finalTransforms took 878.646361ms
[debug]       Load.apply: config.delegates took 633.077216ms
